<?xml version="1.0" encoding="UTF-8"?>
<!-- Generated by org.testng.reporters.JUnitReportReporter -->
<testsuite skipped="0" hostname="DESKTOP-3RGKQN7" name="chrome.dataprovider" tests="3" failures="0" timestamp="04 Jan 2019 07:19:50 GMT" time="0.012" errors="0">
  <testcase name="datatest" time="0.008" classname="chrome.dataprovider"/>
  <testcase name="datatest" time="0.002" classname="chrome.dataprovider"/>
  <testcase name="datatest" time="0.002" classname="chrome.dataprovider"/>
</testsuite> <!-- chrome.dataprovider -->
