<?xml version="1.0" encoding="UTF-8"?>
<!-- Generated by org.testng.reporters.JUnitReportReporter -->
<testsuite skipped="2" hostname="DESKTOP-3RGKQN7" name="chrome.SkipTestCase" tests="4" failures="0" timestamp="20 Dec 2018 08:01:36 GMT" time="0.003" errors="0">
  <testcase name="testone" time="0.001" classname="chrome.SkipTestCase"/>
  <testcase name="testtwo" time="0.001" classname="chrome.SkipTestCase">
    <skipped/>
  </testcase> <!-- testtwo -->
  <testcase name="testfour" time="0.001" classname="chrome.SkipTestCase"/>
  <testcase name="testthree" time="0.000" classname="chrome.SkipTestCase">
    <skipped/>
  </testcase> <!-- testthree -->
</testsuite> <!-- chrome.SkipTestCase -->
