<?xml version="1.0" encoding="UTF-8"?>
<!-- Generated by org.testng.reporters.JUnitReportReporter -->
<testsuite skipped="2" hostname="DESKTOP-3RGKQN7" name="chrome.multiskip" tests="3" failures="0" timestamp="04 Jan 2019 18:10:10 GMT" time="0.023" errors="0">
  <testcase name="testone" time="0.016" classname="chrome.multiskip">
    <skipped/>
  </testcase> <!-- testone -->
  <testcase name="testthree" time="0.007" classname="chrome.multiskip"/>
  <testcase name="testtwo" time="0.000" classname="chrome.multiskip">
    <skipped/>
  </testcase> <!-- testtwo -->
</testsuite> <!-- chrome.multiskip -->
