<?xml version="1.0" encoding="UTF-8"?>
<!-- Generated by org.testng.reporters.JUnitReportReporter -->
<testsuite skipped="1" hostname="DESKTOP-3RGKQN7" name="chrome.multipass" tests="3" failures="0" timestamp="04 Jan 2019 18:10:10 GMT" time="0.003" errors="0">
  <testcase name="testtwo" time="0.001" classname="chrome.multipass"/>
  <testcase name="testone" time="0.001" classname="chrome.multipass">
    <skipped/>
  </testcase> <!-- testone -->
  <testcase name="testthree" time="0.001" classname="chrome.multipass"/>
</testsuite> <!-- chrome.multipass -->
