<?xml version="1.0" encoding="UTF-8"?>
<!-- Generated by org.testng.reporters.JUnitReportReporter -->
<testsuite skipped="0" hostname="DESKTOP-3RGKQN7" name="chrome.dataproviderr" tests="5" failures="0" timestamp="02 Jan 2019 07:32:25 GMT" time="0.014" errors="0">
  <testcase name="datatest" time="0.009" classname="chrome.dataproviderr"/>
  <testcase name="datatest" time="0.002" classname="chrome.dataproviderr"/>
  <testcase name="datatest" time="0.001" classname="chrome.dataproviderr"/>
  <testcase name="datatest" time="0.001" classname="chrome.dataproviderr"/>
  <testcase name="datatest" time="0.001" classname="chrome.dataproviderr"/>
</testsuite> <!-- chrome.dataproviderr -->
